<?xml version="1.0" encoding="UTF-8"?>
<testng-results ignored="0" total="2" passed="2" failed="0" skipped="0">
  <reporter-output>
  </reporter-output>
  <suite started-at="2024-12-24T19:21:04 IST" name="Master Suite" finished-at="2024-12-24T19:21:19 IST" duration-ms="14971">
    <groups>
      <group name="Master">
        <method signature="TC001_AccountRegistrationTest.test_Account_Registration()[pri:0, instance:testCases.TC001_AccountRegistrationTest@68b32e3e]" name="test_Account_Registration" class="testCases.TC001_AccountRegistrationTest"/>
        <method signature="TC002_LoginTest.verify_Login()[pri:0, instance:testCases.TC002_LoginTest@a87f8ec]" name="verify_Login" class="testCases.TC002_LoginTest"/>
      </group> <!-- Master -->
      <group name="Sanity">
        <method signature="TC002_LoginTest.verify_Login()[pri:0, instance:testCases.TC002_LoginTest@a87f8ec]" name="verify_Login" class="testCases.TC002_LoginTest"/>
      </group> <!-- Sanity -->
      <group name="Regression">
        <method signature="TC001_AccountRegistrationTest.test_Account_Registration()[pri:0, instance:testCases.TC001_AccountRegistrationTest@68b32e3e]" name="test_Account_Registration" class="testCases.TC001_AccountRegistrationTest"/>
      </group> <!-- Regression -->
    </groups>
    <test started-at="2024-12-24T19:21:04 IST" name="Linux-chrome" finished-at="2024-12-24T19:21:19 IST" duration-ms="14971">
      <class name="testCases.TC002_LoginTest">
        <test-method is-config="true" signature="setup(java.lang.String,java.lang.String)[pri:0, instance:testCases.TC002_LoginTest@a87f8ec]" started-at="2024-12-24T19:21:12 IST" name="setup" finished-at="2024-12-24T19:21:17 IST" duration-ms="4342" status="PASS">
          <params>
            <param index="0">
              <value>
                <![CDATA[Linux]]>
              </value>
            </param>
            <param index="1">
              <value>
                <![CDATA[Chrome]]>
              </value>
            </param>
          </params>
          <reporter-output>
          </reporter-output>
        </test-method> <!-- setup -->
        <test-method signature="verify_Login()[pri:0, instance:testCases.TC002_LoginTest@a87f8ec]" started-at="2024-12-24T19:21:17 IST" name="verify_Login" finished-at="2024-12-24T19:21:19 IST" duration-ms="2362" status="PASS">
          <reporter-output>
          </reporter-output>
        </test-method> <!-- verify_Login -->
        <test-method is-config="true" signature="teardown()[pri:0, instance:testCases.TC002_LoginTest@a87f8ec]" started-at="2024-12-24T19:21:19 IST" name="teardown" finished-at="2024-12-24T19:21:19 IST" duration-ms="297" status="PASS">
          <reporter-output>
          </reporter-output>
        </test-method> <!-- teardown -->
      </class> <!-- testCases.TC002_LoginTest -->
      <class name="testCases.TC001_AccountRegistrationTest">
        <test-method is-config="true" signature="setup(java.lang.String,java.lang.String)[pri:0, instance:testCases.TC001_AccountRegistrationTest@68b32e3e]" started-at="2024-12-24T19:21:05 IST" name="setup" finished-at="2024-12-24T19:21:09 IST" duration-ms="4250" status="PASS">
          <params>
            <param index="0">
              <value>
                <![CDATA[Linux]]>
              </value>
            </param>
            <param index="1">
              <value>
                <![CDATA[Chrome]]>
              </value>
            </param>
          </params>
          <reporter-output>
          </reporter-output>
        </test-method> <!-- setup -->
        <test-method signature="test_Account_Registration()[pri:0, instance:testCases.TC001_AccountRegistrationTest@68b32e3e]" started-at="2024-12-24T19:21:09 IST" name="test_Account_Registration" finished-at="2024-12-24T19:21:12 IST" duration-ms="2809" status="PASS">
          <reporter-output>
          </reporter-output>
        </test-method> <!-- test_Account_Registration -->
        <test-method is-config="true" signature="teardown()[pri:0, instance:testCases.TC001_AccountRegistrationTest@68b32e3e]" started-at="2024-12-24T19:21:12 IST" name="teardown" finished-at="2024-12-24T19:21:12 IST" duration-ms="362" status="PASS">
          <reporter-output>
          </reporter-output>
        </test-method> <!-- teardown -->
      </class> <!-- testCases.TC001_AccountRegistrationTest -->
    </test> <!-- Linux-chrome -->
  </suite> <!-- Master Suite -->
</testng-results>
